<?xml version="1.0" encoding="UTF-8"?>
<!-- Generated by org.testng.reporters.JUnitReportReporter -->
<testsuite skipped="0" hostname="DESKTOP-SU4D5DJ" name="com.crm.qa.testcases.LoginPageTest" tests="3" failures="0" timestamp="15 Feb 2018 00:23:05 GMT" time="26.389" errors="0">
  <testcase name="loginPageTitleTest" time="6.739" classname="com.crm.qa.testcases.LoginPageTest"/>
  <testcase name="loginPagelogTest" time="6.833" classname="com.crm.qa.testcases.LoginPageTest"/>
  <testcase name="signIn" time="12.817" classname="com.crm.qa.testcases.LoginPageTest"/>
</testsuite> <!-- com.crm.qa.testcases.LoginPageTest -->
